<?xml version="1.0" encoding="UTF-8"?>
<!-- Generated by org.testng.reporters.JUnitReportReporter -->
<testsuite hostname="Lenovo-PC" failures="0" tests="6" name="resolverAssessment.ResolverTest" time="7.996" errors="0" timestamp="2023-11-22T11:03:51 EST" skipped="0">
  <testcase classname="resolverAssessment.ResolverTest" name="validatingEmailAndPasswordFieldTest" time="0.392"/>
  <system-out/>
  <testcase classname="resolverAssessment.ResolverTest" name="verifyingListGroups" time="0.081"/>
  <system-out/>
  <testcase classname="resolverAssessment.ResolverTest" name="verifyingDropDown" time="0.201"/>
  <system-out/>
  <testcase classname="resolverAssessment.ResolverTest" name="testButtonStatus" time="0.076"/>
  <system-out/>
  <testcase classname="resolverAssessment.ResolverTest" name="testButtonClickAndAssert" time="7.214"/>
  <system-out/>
  <testcase classname="resolverAssessment.ResolverTest" name="testGridCellValue" time="0.032"/>
  <system-out/>
</testsuite> <!-- resolverAssessment.ResolverTest -->
